2020-03-29 15:30:42.905  INFO 9440 --- [main] com.klay.community.CommunityApplication  : Starting CommunityApplication on DESKTOP-0ID6MR1 with PID 9440 (C:\Users\klay\Desktop\community\target\classes started by klay in C:\Users\klay\Desktop\community)
2020-03-29 15:30:42.928  INFO 9440 --- [main] com.klay.community.CommunityApplication  : No active profile set, falling back to default profiles: default
2020-03-29 15:30:46.275  INFO 9440 --- [main] o.s.b.w.embedded.tomcat.TomcatWebServer  : Tomcat initialized with port(s): 8080 (http)
2020-03-29 15:30:46.304  INFO 9440 --- [main] o.apache.catalina.core.StandardService   : Starting service [Tomcat]
2020-03-29 15:30:46.307  INFO 9440 --- [main] org.apache.catalina.core.StandardEngine  : Starting Servlet engine: [Apache Tomcat/9.0.29]
2020-03-29 15:30:46.596  INFO 9440 --- [main] o.a.c.c.C.[Tomcat].[localhost].[/]       : Initializing Spring embedded WebApplicationContext
2020-03-29 15:30:46.598  INFO 9440 --- [main] o.s.web.context.ContextLoader            : Root WebApplicationContext: initialization completed in 3506 ms
2020-03-29 15:30:47.886  INFO 9440 --- [main] o.s.s.concurrent.ThreadPoolTaskExecutor  : Initializing ExecutorService 'applicationTaskExecutor'
2020-03-29 15:30:48.043  INFO 9440 --- [main] o.s.b.a.w.s.WelcomePageHandlerMapping    : Adding welcome page template: index
2020-03-29 15:30:48.322  INFO 9440 --- [main] o.s.s.c.ThreadPoolTaskScheduler          : Initializing ExecutorService 'taskScheduler'
2020-03-29 15:30:48.399  INFO 9440 --- [scheduling-1] com.klay.community.schedule.HotTagTasks  : HotTagsStart time : Sun Mar 29 15:30:48 CST 2020
2020-03-29 15:30:48.590  INFO 9440 --- [main] o.s.b.w.embedded.tomcat.TomcatWebServer  : Tomcat started on port(s): 8080 (http) with context path ''
2020-03-29 15:30:48.598  INFO 9440 --- [main] com.klay.community.CommunityApplication  : Started CommunityApplication in 6.971 seconds (JVM running for 12.548)
2020-03-29 15:30:48.622  INFO 9440 --- [scheduling-1] com.zaxxer.hikari.HikariDataSource       : HikariPool-1 - Starting...
2020-03-29 15:30:49.063  INFO 9440 --- [scheduling-1] com.zaxxer.hikari.HikariDataSource       : HikariPool-1 - Start completed.
2020-03-29 15:31:24.090  INFO 9440 --- [http-nio-8080-exec-1] o.a.c.c.C.[Tomcat].[localhost].[/]       : Initializing Spring DispatcherServlet 'dispatcherServlet'
2020-03-29 15:31:24.095  INFO 9440 --- [http-nio-8080-exec-1] o.s.web.servlet.DispatcherServlet        : Initializing Servlet 'dispatcherServlet'
2020-03-29 15:31:24.134  INFO 9440 --- [http-nio-8080-exec-1] o.s.web.servlet.DispatcherServlet        : Completed initialization in 34 ms
2020-03-29 15:35:41.807  INFO 792 --- [main] com.klay.community.CommunityApplication  : Starting CommunityApplication on DESKTOP-0ID6MR1 with PID 792 (C:\Users\klay\Desktop\community\target\classes started by klay in C:\Users\klay\Desktop\community)
2020-03-29 15:35:41.814  INFO 792 --- [main] com.klay.community.CommunityApplication  : No active profile set, falling back to default profiles: default
2020-03-29 15:35:47.902  INFO 792 --- [main] o.s.b.w.embedded.tomcat.TomcatWebServer  : Tomcat initialized with port(s): 8080 (http)
2020-03-29 15:35:47.937  INFO 792 --- [main] o.apache.catalina.core.StandardService   : Starting service [Tomcat]
2020-03-29 15:35:47.939  INFO 792 --- [main] org.apache.catalina.core.StandardEngine  : Starting Servlet engine: [Apache Tomcat/9.0.29]
2020-03-29 15:35:48.274  INFO 792 --- [main] o.a.c.c.C.[Tomcat].[localhost].[/]       : Initializing Spring embedded WebApplicationContext
2020-03-29 15:35:48.274  INFO 792 --- [main] o.s.web.context.ContextLoader            : Root WebApplicationContext: initialization completed in 6162 ms
2020-03-29 15:35:49.973  INFO 792 --- [main] o.s.s.concurrent.ThreadPoolTaskExecutor  : Initializing ExecutorService 'applicationTaskExecutor'
2020-03-29 15:35:50.234  INFO 792 --- [main] o.s.b.a.w.s.WelcomePageHandlerMapping    : Adding welcome page template: index
2020-03-29 15:35:50.755  INFO 792 --- [main] o.s.s.c.ThreadPoolTaskScheduler          : Initializing ExecutorService 'taskScheduler'
2020-03-29 15:35:50.862  INFO 792 --- [scheduling-1] com.klay.community.schedule.HotTagTasks  : HotTagsStart time : Sun Mar 29 15:35:50 CST 2020
2020-03-29 15:35:50.948  INFO 792 --- [main] o.s.b.w.embedded.tomcat.TomcatWebServer  : Tomcat started on port(s): 8080 (http) with context path ''
2020-03-29 15:35:50.958  INFO 792 --- [main] com.klay.community.CommunityApplication  : Started CommunityApplication in 10.526 seconds (JVM running for 15.701)
2020-03-29 15:35:50.989  INFO 792 --- [scheduling-1] com.zaxxer.hikari.HikariDataSource       : HikariPool-1 - Starting...
2020-03-29 15:35:51.393  INFO 792 --- [scheduling-1] com.zaxxer.hikari.HikariDataSource       : HikariPool-1 - Start completed.
2020-03-29 15:36:23.477  INFO 792 --- [http-nio-8080-exec-2] o.a.c.c.C.[Tomcat].[localhost].[/]       : Initializing Spring DispatcherServlet 'dispatcherServlet'
2020-03-29 15:36:23.478  INFO 792 --- [http-nio-8080-exec-2] o.s.web.servlet.DispatcherServlet        : Initializing Servlet 'dispatcherServlet'
2020-03-29 15:36:23.496  INFO 792 --- [http-nio-8080-exec-2] o.s.web.servlet.DispatcherServlet        : Completed initialization in 18 ms
2020-03-29 15:38:23.516  INFO 5420 --- [main] com.klay.community.CommunityApplication  : Starting CommunityApplication on DESKTOP-0ID6MR1 with PID 5420 (C:\Users\klay\Desktop\community\target\classes started by klay in C:\Users\klay\Desktop\community)
2020-03-29 15:38:23.524  INFO 5420 --- [main] com.klay.community.CommunityApplication  : No active profile set, falling back to default profiles: default
2020-03-29 15:38:27.621  INFO 5420 --- [main] o.s.b.w.embedded.tomcat.TomcatWebServer  : Tomcat initialized with port(s): 8080 (http)
2020-03-29 15:38:27.641  INFO 5420 --- [main] o.apache.catalina.core.StandardService   : Starting service [Tomcat]
2020-03-29 15:38:27.642  INFO 5420 --- [main] org.apache.catalina.core.StandardEngine  : Starting Servlet engine: [Apache Tomcat/9.0.29]
2020-03-29 15:38:27.872  INFO 5420 --- [main] o.a.c.c.C.[Tomcat].[localhost].[/]       : Initializing Spring embedded WebApplicationContext
2020-03-29 15:38:27.872  INFO 5420 --- [main] o.s.web.context.ContextLoader            : Root WebApplicationContext: initialization completed in 4164 ms
2020-03-29 15:38:29.106  INFO 5420 --- [main] o.s.s.concurrent.ThreadPoolTaskExecutor  : Initializing ExecutorService 'applicationTaskExecutor'
2020-03-29 15:38:29.284  INFO 5420 --- [main] o.s.b.a.w.s.WelcomePageHandlerMapping    : Adding welcome page template: index
2020-03-29 15:38:29.684  INFO 5420 --- [main] o.s.s.c.ThreadPoolTaskScheduler          : Initializing ExecutorService 'taskScheduler'
2020-03-29 15:38:29.771  INFO 5420 --- [scheduling-1] com.klay.community.schedule.HotTagTasks  : HotTagsStart time : Sun Mar 29 15:38:29 CST 2020
2020-03-29 15:38:29.838  INFO 5420 --- [main] o.s.b.w.embedded.tomcat.TomcatWebServer  : Tomcat started on port(s): 8080 (http) with context path ''
2020-03-29 15:38:29.845  INFO 5420 --- [main] com.klay.community.CommunityApplication  : Started CommunityApplication in 7.569 seconds (JVM running for 11.775)
2020-03-29 15:38:29.870  INFO 5420 --- [scheduling-1] com.zaxxer.hikari.HikariDataSource       : HikariPool-1 - Starting...
2020-03-29 15:38:30.201  INFO 5420 --- [scheduling-1] com.zaxxer.hikari.HikariDataSource       : HikariPool-1 - Start completed.
2020-03-29 15:39:01.230  INFO 5420 --- [http-nio-8080-exec-2] o.a.c.c.C.[Tomcat].[localhost].[/]       : Initializing Spring DispatcherServlet 'dispatcherServlet'
2020-03-29 15:39:01.232  INFO 5420 --- [http-nio-8080-exec-2] o.s.web.servlet.DispatcherServlet        : Initializing Servlet 'dispatcherServlet'
2020-03-29 15:39:01.249  INFO 5420 --- [http-nio-8080-exec-2] o.s.web.servlet.DispatcherServlet        : Completed initialization in 17 ms
2020-03-29 15:39:40.452  INFO 4220 --- [main] com.klay.community.CommunityApplication  : Starting CommunityApplication on DESKTOP-0ID6MR1 with PID 4220 (C:\Users\klay\Desktop\community\target\classes started by klay in C:\Users\klay\Desktop\community)
2020-03-29 15:39:40.470  INFO 4220 --- [main] com.klay.community.CommunityApplication  : No active profile set, falling back to default profiles: default
2020-03-29 15:39:44.430  INFO 4220 --- [main] o.s.b.w.embedded.tomcat.TomcatWebServer  : Tomcat initialized with port(s): 8080 (http)
2020-03-29 15:39:44.455  INFO 4220 --- [main] o.apache.catalina.core.StandardService   : Starting service [Tomcat]
2020-03-29 15:39:44.456  INFO 4220 --- [main] org.apache.catalina.core.StandardEngine  : Starting Servlet engine: [Apache Tomcat/9.0.29]
2020-03-29 15:39:44.673  INFO 4220 --- [main] o.a.c.c.C.[Tomcat].[localhost].[/]       : Initializing Spring embedded WebApplicationContext
2020-03-29 15:39:44.675  INFO 4220 --- [main] o.s.web.context.ContextLoader            : Root WebApplicationContext: initialization completed in 3889 ms
2020-03-29 15:39:45.984  INFO 4220 --- [main] o.s.s.concurrent.ThreadPoolTaskExecutor  : Initializing ExecutorService 'applicationTaskExecutor'
2020-03-29 15:39:46.158  INFO 4220 --- [main] o.s.b.a.w.s.WelcomePageHandlerMapping    : Adding welcome page template: index
2020-03-29 15:39:46.634  INFO 4220 --- [main] o.s.s.c.ThreadPoolTaskScheduler          : Initializing ExecutorService 'taskScheduler'
2020-03-29 15:39:46.716  INFO 4220 --- [scheduling-1] com.klay.community.schedule.HotTagTasks  : HotTagsStart time : Sun Mar 29 15:39:46 CST 2020
2020-03-29 15:39:46.779  INFO 4220 --- [main] o.s.b.w.embedded.tomcat.TomcatWebServer  : Tomcat started on port(s): 8080 (http) with context path ''
2020-03-29 15:39:46.790  INFO 4220 --- [main] com.klay.community.CommunityApplication  : Started CommunityApplication in 7.689 seconds (JVM running for 12.204)
2020-03-29 15:39:46.820  INFO 4220 --- [scheduling-1] com.zaxxer.hikari.HikariDataSource       : HikariPool-1 - Starting...
2020-03-29 15:39:47.147  INFO 4220 --- [scheduling-1] com.zaxxer.hikari.HikariDataSource       : HikariPool-1 - Start completed.
2020-03-29 15:40:38.024  INFO 4220 --- [http-nio-8080-exec-1] o.a.c.c.C.[Tomcat].[localhost].[/]       : Initializing Spring DispatcherServlet 'dispatcherServlet'
2020-03-29 15:40:38.025  INFO 4220 --- [http-nio-8080-exec-1] o.s.web.servlet.DispatcherServlet        : Initializing Servlet 'dispatcherServlet'
2020-03-29 15:40:38.043  INFO 4220 --- [http-nio-8080-exec-1] o.s.web.servlet.DispatcherServlet        : Completed initialization in 17 ms
2020-03-29 15:42:30.379  INFO 14316 --- [main] com.klay.community.CommunityApplication  : Starting CommunityApplication on DESKTOP-0ID6MR1 with PID 14316 (C:\Users\klay\Desktop\community\target\classes started by klay in C:\Users\klay\Desktop\community)
2020-03-29 15:42:30.390  INFO 14316 --- [main] com.klay.community.CommunityApplication  : No active profile set, falling back to default profiles: default
2020-03-29 15:42:33.988  INFO 14316 --- [main] o.s.b.w.embedded.tomcat.TomcatWebServer  : Tomcat initialized with port(s): 8080 (http)
2020-03-29 15:42:34.012  INFO 14316 --- [main] o.apache.catalina.core.StandardService   : Starting service [Tomcat]
2020-03-29 15:42:34.014  INFO 14316 --- [main] org.apache.catalina.core.StandardEngine  : Starting Servlet engine: [Apache Tomcat/9.0.29]
2020-03-29 15:42:34.269  INFO 14316 --- [main] o.a.c.c.C.[Tomcat].[localhost].[/]       : Initializing Spring embedded WebApplicationContext
2020-03-29 15:42:34.271  INFO 14316 --- [main] o.s.web.context.ContextLoader            : Root WebApplicationContext: initialization completed in 3673 ms
2020-03-29 15:42:36.078  INFO 14316 --- [main] o.s.s.concurrent.ThreadPoolTaskExecutor  : Initializing ExecutorService 'applicationTaskExecutor'
2020-03-29 15:42:36.286  INFO 14316 --- [main] o.s.b.a.w.s.WelcomePageHandlerMapping    : Adding welcome page template: index
2020-03-29 15:42:36.669  INFO 14316 --- [main] o.s.s.c.ThreadPoolTaskScheduler          : Initializing ExecutorService 'taskScheduler'
2020-03-29 15:42:36.754  INFO 14316 --- [scheduling-1] com.klay.community.schedule.HotTagTasks  : HotTagsStart time : Sun Mar 29 15:42:36 CST 2020
2020-03-29 15:42:36.821  INFO 14316 --- [main] o.s.b.w.embedded.tomcat.TomcatWebServer  : Tomcat started on port(s): 8080 (http) with context path ''
2020-03-29 15:42:36.829  INFO 14316 --- [main] com.klay.community.CommunityApplication  : Started CommunityApplication in 7.994 seconds (JVM running for 12.11)
2020-03-29 15:42:36.855  INFO 14316 --- [scheduling-1] com.zaxxer.hikari.HikariDataSource       : HikariPool-1 - Starting...
2020-03-29 15:42:37.160  INFO 14316 --- [scheduling-1] com.zaxxer.hikari.HikariDataSource       : HikariPool-1 - Start completed.
2020-03-29 15:42:53.346  INFO 14316 --- [http-nio-8080-exec-5] o.a.c.c.C.[Tomcat].[localhost].[/]       : Initializing Spring DispatcherServlet 'dispatcherServlet'
2020-03-29 15:42:53.348  INFO 14316 --- [http-nio-8080-exec-5] o.s.web.servlet.DispatcherServlet        : Initializing Servlet 'dispatcherServlet'
2020-03-29 15:42:53.362  INFO 14316 --- [http-nio-8080-exec-5] o.s.web.servlet.DispatcherServlet        : Completed initialization in 13 ms
